<?xml version="1.0" encoding="UTF-8"?>
<testng-results ignored="0" total="1" passed="1" failed="0" skipped="0">
  <reporter-output>
    <line>
      <![CDATA[Offers Link clicked successfully]]>
    </line>
    <line>
      <![CDATA[BannerLogo Validation is passed]]>
    </line>
    <line>
      <![CDATA[BrowserTitle Validation is passed]]>
    </line>
    <line>
      <![CDATA[PackageNames with prices passed successfully]]>
    </line>
    <line>
      <![CDATA[captured snapshots successfully]]>
    </line>
  </reporter-output>
  <suite started-at="2023-12-09T11:44:43 IST" name="Default Suite" finished-at="2023-12-09T11:45:40 IST" duration-ms="56710">
    <groups>
    </groups>
    <test started-at="2023-12-09T11:44:43 IST" name="L2Assignment_1" finished-at="2023-12-09T11:45:40 IST" duration-ms="56710">
      <class name="testcases.YatraTestCases">
        <test-method is-config="true" signature="launchBrowser()[pri:0, instance:testcases.YatraTestCases@402e37bc]" started-at="2023-12-09T11:44:43 IST" name="launchBrowser" finished-at="2023-12-09T11:44:58 IST" duration-ms="14199" status="PASS">
          <reporter-output>
          </reporter-output>
        </test-method> <!-- launchBrowser -->
        <test-method signature="yatraTestCase()[pri:0, instance:testcases.YatraTestCases@402e37bc]" started-at="2023-12-09T11:44:58 IST" name="yatraTestCase" finished-at="2023-12-09T11:45:38 IST" duration-ms="40924" status="PASS">
          <reporter-output>
            <line>
              <![CDATA[Offers Link clicked successfully]]>
            </line>
            <line>
              <![CDATA[BannerLogo Validation is passed]]>
            </line>
            <line>
              <![CDATA[BrowserTitle Validation is passed]]>
            </line>
            <line>
              <![CDATA[PackageNames with prices passed successfully]]>
            </line>
            <line>
              <![CDATA[captured snapshots successfully]]>
            </line>
          </reporter-output>
        </test-method> <!-- yatraTestCase -->
        <test-method is-config="true" signature="teardown()[pri:0, instance:testcases.YatraTestCases@402e37bc]" started-at="2023-12-09T11:45:38 IST" name="teardown" finished-at="2023-12-09T11:45:40 IST" duration-ms="1493" status="PASS">
          <reporter-output>
          </reporter-output>
        </test-method> <!-- teardown -->
      </class> <!-- testcases.YatraTestCases -->
    </test> <!-- L2Assignment_1 -->
  </suite> <!-- Default Suite -->
</testng-results>
